2025-08-26 23:47:54,884 - INFO - A股市场火热程度分析器初始化完成
2025-08-26 23:47:54,885 - INFO - ==================================================
2025-08-26 23:47:54,885 - INFO - 开始执行A股市场火热程度分析
2025-08-26 23:47:54,885 - INFO - 开始获取市场数据...
2025-08-26 23:47:54,885 - ERROR - 获取市场数据失败: '000001'
2025-08-26 23:47:54,885 - ERROR - 无法获取市场数据，分析终止
2025-08-27 00:42:43,741 - INFO - A股市场火热程度分析器初始化完成
2025-08-27 00:42:43,741 - INFO - ==================================================
2025-08-27 00:42:43,742 - INFO - 开始执行A股市场火热程度分析
2025-08-27 00:42:43,742 - INFO - 开始获取市场数据...
2025-08-27 00:42:43,742 - ERROR - 获取市场数据失败: '000001'
2025-08-27 00:42:43,742 - ERROR - 无法获取市场数据，分析终止
2025-08-27 00:46:09,440 - INFO - A股市场火热程度分析器初始化完成
2025-08-27 00:46:09,440 - INFO - ==================================================
2025-08-27 00:46:09,440 - INFO - 开始执行A股市场火热程度分析
2025-08-27 00:46:09,440 - INFO - 开始获取市场数据...
2025-08-27 00:46:09,440 - INFO - 获取上证指数数据...
2025-08-27 00:46:09,441 - INFO - 尝试使用方法: stock_zh_index_spot_em
2025-08-27 00:46:09,441 - WARNING - 方法 stock_zh_index_spot_em 失败: 'sh000001'
2025-08-27 00:46:09,441 - WARNING - 方法不存在: stock_zh_index_spot
2025-08-27 00:46:09,441 - ERROR - 所有方法都失败，无法获取 index_spot 数据
2025-08-27 00:46:09,441 - INFO - 尝试使用方法: stock_zh_index_spot_em
2025-08-27 00:46:09,441 - WARNING - 方法 stock_zh_index_spot_em 失败: '000001'
2025-08-27 00:46:09,441 - WARNING - 方法不存在: stock_zh_index_spot
2025-08-27 00:46:09,441 - ERROR - 所有方法都失败，无法获取 index_spot 数据
2025-08-27 00:46:11,518 - INFO - 使用历史数据获取上证指数成功
2025-08-27 00:46:11,518 - INFO - 获取深证成指数据...
2025-08-27 00:46:11,519 - INFO - 尝试使用方法: stock_zh_index_spot_em
2025-08-27 00:46:11,519 - WARNING - 方法 stock_zh_index_spot_em 失败: 'sz399001'
2025-08-27 00:46:11,519 - WARNING - 方法不存在: stock_zh_index_spot
2025-08-27 00:46:11,519 - ERROR - 所有方法都失败，无法获取 index_spot 数据
2025-08-27 00:46:11,519 - INFO - 尝试使用方法: stock_zh_index_spot_em
2025-08-27 00:46:11,519 - WARNING - 方法 stock_zh_index_spot_em 失败: '399001'
2025-08-27 00:46:11,519 - WARNING - 方法不存在: stock_zh_index_spot
2025-08-27 00:46:11,519 - ERROR - 所有方法都失败，无法获取 index_spot 数据
2025-08-27 00:46:11,519 - INFO - 获取创业板指数据...
2025-08-27 00:46:11,519 - INFO - 尝试使用方法: stock_zh_index_spot_em
2025-08-27 00:46:11,519 - WARNING - 方法 stock_zh_index_spot_em 失败: 'sz399006'
2025-08-27 00:46:11,519 - WARNING - 方法不存在: stock_zh_index_spot
2025-08-27 00:46:11,520 - ERROR - 所有方法都失败，无法获取 index_spot 数据
2025-08-27 00:46:11,520 - INFO - 尝试使用方法: stock_zh_index_spot_em
2025-08-27 00:46:11,520 - WARNING - 方法 stock_zh_index_spot_em 失败: '399006'
2025-08-27 00:46:11,520 - WARNING - 方法不存在: stock_zh_index_spot
2025-08-27 00:46:11,520 - ERROR - 所有方法都失败，无法获取 index_spot 数据
2025-08-27 00:46:11,520 - INFO - 获取市场概况数据...
2025-08-27 00:46:11,520 - INFO - 尝试使用方法: stock_zh_a_spot_em
2025-08-27 00:46:18,933 - WARNING - 方法 stock_zh_a_spot_em 失败: HTTPSConnectionPool(host='82.push2.eastmoney.com', port=443): Max retries exceeded with url: /api/qt/clist/get?pn=1&pz=100&po=1&np=1&ut=bd1d9ddb04089700cf9c27f6f7426281&fltt=2&invt=2&fid=f12&fs=m%3A0+t%3A6%2Cm%3A0+t%3A80%2Cm%3A1+t%3A2%2Cm%3A1+t%3A23%2Cm%3A0+t%3A81+s%3A2048&fields=f1%2Cf2%2Cf3%2Cf4%2Cf5%2Cf6%2Cf7%2Cf8%2Cf9%2Cf10%2Cf12%2Cf13%2Cf14%2Cf15%2Cf16%2Cf17%2Cf18%2Cf20%2Cf21%2Cf23%2Cf24%2Cf25%2Cf22%2Cf11%2Cf62%2Cf128%2Cf136%2Cf115%2Cf152 (Caused by SSLError(SSLEOFError(8, '[SSL: UNEXPECTED_EOF_WHILE_READING] EOF occurred in violation of protocol (_ssl.c:1000)')))
2025-08-27 00:46:18,933 - INFO - 尝试使用方法: stock_zh_a_spot
2025-08-27 00:48:04,519 - INFO - 数据获取成功，使用方法: stock_zh_a_spot
2025-08-27 00:48:04,520 - INFO - 获取涨跌停数据...
2025-08-27 00:48:04,520 - INFO - 尝试使用方法: stock_zt_pool_em
2025-08-27 00:48:11,813 - WARNING - 方法 stock_zt_pool_em 失败: HTTPSConnectionPool(host='push2ex.eastmoney.com', port=443): Max retries exceeded with url: /getTopicZTPool?ut=7eea3edcaed734bea9cbfc24409ed989&dpt=wz.ztzt&Pageindex=0&pagesize=10000&sort=fbt%3Aasc&date=20250827 (Caused by SSLError(SSLEOFError(8, '[SSL: UNEXPECTED_EOF_WHILE_READING] EOF occurred in violation of protocol (_ssl.c:1000)')))
2025-08-27 00:48:11,814 - INFO - 尝试使用方法: stock_zt_pool_strong_em
2025-08-27 00:48:19,289 - WARNING - 方法 stock_zt_pool_strong_em 失败: HTTPSConnectionPool(host='push2ex.eastmoney.com', port=443): Max retries exceeded with url: /getTopicQSPool?ut=7eea3edcaed734bea9cbfc24409ed989&dpt=wz.ztzt&Pageindex=0&pagesize=5000&sort=zdp%3Adesc&date=20250827 (Caused by SSLError(SSLEOFError(8, '[SSL: UNEXPECTED_EOF_WHILE_READING] EOF occurred in violation of protocol (_ssl.c:1000)')))
2025-08-27 00:48:19,289 - ERROR - 所有方法都失败，无法获取 limit_up 数据
2025-08-27 00:48:19,290 - WARNING - 方法不存在: stock_dt_pool_em
2025-08-27 00:48:19,290 - WARNING - 方法不存在: stock_dt_pool_strong_em
2025-08-27 00:48:19,290 - ERROR - 所有方法都失败，无法获取 limit_down 数据
2025-08-27 00:48:19,303 - INFO - 市场数据获取成功，有效数据源: 3/6
2025-08-27 00:48:19,336 - INFO - 成交量比率计算完成: 1.00
2025-08-27 00:48:19,336 - INFO - 价格动量计算完成: 0.0000 (有效指数: 0)
2025-08-27 00:48:19,358 - INFO - 市场广度计算完成: 0.0614 (涨停0/跌停0)
2025-08-27 00:48:19,379 - INFO - 市场波动率计算完成: 0.0273
2025-08-27 00:48:19,400 - INFO - 情绪指标计算完成: 1.2800 (涨停0/跌停0/大涨233/大跌105)
2025-08-27 00:48:19,400 - INFO - 综合火热程度评分计算完成: 0.441
2025-08-27 00:48:19,400 - INFO - 分析完成 - 火热程度: 0.441, 风险等级: 中等风险
2025-08-27 00:48:19,400 - INFO - 仓位建议: 建议保持6-7成仓位，适度参与
2025-08-27 00:48:19,401 - INFO - ==================================================
2025-08-27 00:50:16,972 - INFO - A股市场火热程度分析器初始化完成
2025-08-27 00:50:25,306 - INFO - 开始回测近 5 天的市场数据
2025-08-27 00:50:25,758 - INFO - 获取到 8 个交易日
2025-08-27 00:50:25,758 - INFO - 回测进度: 1/5 - 20250821
2025-08-27 00:50:25,758 - INFO - 开始分析 20250821 市场火热程度
2025-08-27 00:50:25,758 - INFO - 获取 20250821 的市场数据...
2025-08-27 00:50:25,758 - INFO - 获取 sh000001 历史数据: 20250722 至 20250821
2025-08-27 00:50:25,758 - WARNING - 方法失败: stock_zh_index_daily() got an unexpected keyword argument 'start_date'
2025-08-27 00:50:33,140 - WARNING - 方法失败: HTTPSConnectionPool(host='80.push2.eastmoney.com', port=443): Max retries exceeded with url: /api/qt/clist/get?pn=1&pz=100&po=1&np=1&ut=bd1d9ddb04089700cf9c27f6f7426281&fltt=2&invt=2&fid=f3&fs=b%3AMK0010%2Cm%3A1%2Bt%3A1%2Cm%3A0+t%3A5%2Cm%3A1%2Bs%3A3%2Cm%3A0%2Bt%3A5%2Cm%3A2&fields=f3%2Cf12%2Cf13 (Caused by SSLError(SSLEOFError(8, '[SSL: UNEXPECTED_EOF_WHILE_READING] EOF occurred in violation of protocol (_ssl.c:1000)')))
2025-08-27 00:50:33,141 - ERROR - 无法获取 sh000001 历史数据
2025-08-27 00:50:33,141 - INFO - 获取 sz399001 历史数据: 20250722 至 20250821
2025-08-27 00:50:33,141 - WARNING - 方法失败: stock_zh_index_daily() got an unexpected keyword argument 'start_date'
2025-08-27 00:50:40,553 - WARNING - 方法失败: HTTPSConnectionPool(host='80.push2.eastmoney.com', port=443): Max retries exceeded with url: /api/qt/clist/get?pn=1&pz=100&po=1&np=1&ut=bd1d9ddb04089700cf9c27f6f7426281&fltt=2&invt=2&fid=f3&fs=b%3AMK0010%2Cm%3A1%2Bt%3A1%2Cm%3A0+t%3A5%2Cm%3A1%2Bs%3A3%2Cm%3A0%2Bt%3A5%2Cm%3A2&fields=f3%2Cf12%2Cf13 (Caused by SSLError(SSLEOFError(8, '[SSL: UNEXPECTED_EOF_WHILE_READING] EOF occurred in violation of protocol (_ssl.c:1000)')))
2025-08-27 00:50:40,554 - ERROR - 无法获取 sz399001 历史数据
2025-08-27 00:50:40,554 - INFO - 获取 sz399006 历史数据: 20250722 至 20250821
2025-08-27 00:50:40,554 - WARNING - 方法失败: stock_zh_index_daily() got an unexpected keyword argument 'start_date'
2025-08-27 00:50:47,991 - WARNING - 方法失败: HTTPSConnectionPool(host='80.push2.eastmoney.com', port=443): Max retries exceeded with url: /api/qt/clist/get?pn=1&pz=100&po=1&np=1&ut=bd1d9ddb04089700cf9c27f6f7426281&fltt=2&invt=2&fid=f3&fs=b%3AMK0010%2Cm%3A1%2Bt%3A1%2Cm%3A0+t%3A5%2Cm%3A1%2Bs%3A3%2Cm%3A0%2Bt%3A5%2Cm%3A2&fields=f3%2Cf12%2Cf13 (Caused by SSLError(SSLEOFError(8, '[SSL: UNEXPECTED_EOF_WHILE_READING] EOF occurred in violation of protocol (_ssl.c:1000)')))
2025-08-27 00:50:47,993 - ERROR - 无法获取 sz399006 历史数据
2025-08-27 00:50:47,993 - INFO - 获取 20250821 涨跌停数据...
2025-08-27 00:50:55,442 - WARNING - 涨跌停数据获取失败: HTTPSConnectionPool(host='push2ex.eastmoney.com', port=443): Max retries exceeded with url: /getTopicZTPool?ut=7eea3edcaed734bea9cbfc24409ed989&dpt=wz.ztzt&Pageindex=0&pagesize=10000&sort=fbt%3Aasc&date=20250821 (Caused by SSLError(SSLEOFError(8, '[SSL: UNEXPECTED_EOF_WHILE_READING] EOF occurred in violation of protocol (_ssl.c:1000)')))
2025-08-27 00:50:55,447 - ERROR - 有效数据源不足: 0
2025-08-27 00:50:55,447 - ERROR - 无法获取 20250821 市场数据
2025-08-27 00:50:55,950 - INFO - 回测进度: 2/5 - 20250822
2025-08-27 00:50:55,951 - INFO - 开始分析 20250822 市场火热程度
2025-08-27 00:50:55,951 - INFO - 获取 20250822 的市场数据...
2025-08-27 00:50:55,954 - INFO - 获取 sh000001 历史数据: 20250723 至 20250822
2025-08-27 00:50:55,955 - WARNING - 方法失败: stock_zh_index_daily() got an unexpected keyword argument 'start_date'
2025-08-27 00:51:03,341 - WARNING - 方法失败: HTTPSConnectionPool(host='80.push2.eastmoney.com', port=443): Max retries exceeded with url: /api/qt/clist/get?pn=1&pz=100&po=1&np=1&ut=bd1d9ddb04089700cf9c27f6f7426281&fltt=2&invt=2&fid=f3&fs=b%3AMK0010%2Cm%3A1%2Bt%3A1%2Cm%3A0+t%3A5%2Cm%3A1%2Bs%3A3%2Cm%3A0%2Bt%3A5%2Cm%3A2&fields=f3%2Cf12%2Cf13 (Caused by SSLError(SSLEOFError(8, '[SSL: UNEXPECTED_EOF_WHILE_READING] EOF occurred in violation of protocol (_ssl.c:1000)')))
2025-08-27 00:51:03,341 - ERROR - 无法获取 sh000001 历史数据
2025-08-27 00:51:03,341 - INFO - 获取 sz399001 历史数据: 20250723 至 20250822
2025-08-27 00:51:03,341 - WARNING - 方法失败: stock_zh_index_daily() got an unexpected keyword argument 'start_date'
2025-08-27 00:51:10,761 - WARNING - 方法失败: HTTPSConnectionPool(host='80.push2.eastmoney.com', port=443): Max retries exceeded with url: /api/qt/clist/get?pn=1&pz=100&po=1&np=1&ut=bd1d9ddb04089700cf9c27f6f7426281&fltt=2&invt=2&fid=f3&fs=b%3AMK0010%2Cm%3A1%2Bt%3A1%2Cm%3A0+t%3A5%2Cm%3A1%2Bs%3A3%2Cm%3A0%2Bt%3A5%2Cm%3A2&fields=f3%2Cf12%2Cf13 (Caused by SSLError(SSLEOFError(8, '[SSL: UNEXPECTED_EOF_WHILE_READING] EOF occurred in violation of protocol (_ssl.c:1000)')))
2025-08-27 00:51:10,762 - ERROR - 无法获取 sz399001 历史数据
2025-08-27 00:51:10,762 - INFO - 获取 sz399006 历史数据: 20250723 至 20250822
2025-08-27 00:51:10,762 - WARNING - 方法失败: stock_zh_index_daily() got an unexpected keyword argument 'start_date'
2025-08-27 00:51:18,180 - WARNING - 方法失败: HTTPSConnectionPool(host='80.push2.eastmoney.com', port=443): Max retries exceeded with url: /api/qt/clist/get?pn=1&pz=100&po=1&np=1&ut=bd1d9ddb04089700cf9c27f6f7426281&fltt=2&invt=2&fid=f3&fs=b%3AMK0010%2Cm%3A1%2Bt%3A1%2Cm%3A0+t%3A5%2Cm%3A1%2Bs%3A3%2Cm%3A0%2Bt%3A5%2Cm%3A2&fields=f3%2Cf12%2Cf13 (Caused by SSLError(SSLEOFError(8, '[SSL: UNEXPECTED_EOF_WHILE_READING] EOF occurred in violation of protocol (_ssl.c:1000)')))
2025-08-27 00:51:18,181 - ERROR - 无法获取 sz399006 历史数据
2025-08-27 00:51:18,181 - INFO - 获取 20250822 涨跌停数据...
2025-08-27 00:51:25,612 - WARNING - 涨跌停数据获取失败: HTTPSConnectionPool(host='push2ex.eastmoney.com', port=443): Max retries exceeded with url: /getTopicZTPool?ut=7eea3edcaed734bea9cbfc24409ed989&dpt=wz.ztzt&Pageindex=0&pagesize=10000&sort=fbt%3Aasc&date=20250822 (Caused by SSLError(SSLEOFError(8, '[SSL: UNEXPECTED_EOF_WHILE_READING] EOF occurred in violation of protocol (_ssl.c:1000)')))
2025-08-27 00:51:25,615 - ERROR - 有效数据源不足: 0
2025-08-27 00:51:25,615 - ERROR - 无法获取 20250822 市场数据
2025-08-27 00:51:26,115 - INFO - 回测进度: 3/5 - 20250825
2025-08-27 00:51:26,115 - INFO - 开始分析 20250825 市场火热程度
2025-08-27 00:51:26,115 - INFO - 获取 20250825 的市场数据...
2025-08-27 00:51:26,116 - INFO - 获取 sh000001 历史数据: 20250726 至 20250825
2025-08-27 00:51:26,116 - WARNING - 方法失败: stock_zh_index_daily() got an unexpected keyword argument 'start_date'
2025-08-27 00:51:33,546 - WARNING - 方法失败: HTTPSConnectionPool(host='80.push2.eastmoney.com', port=443): Max retries exceeded with url: /api/qt/clist/get?pn=1&pz=100&po=1&np=1&ut=bd1d9ddb04089700cf9c27f6f7426281&fltt=2&invt=2&fid=f3&fs=b%3AMK0010%2Cm%3A1%2Bt%3A1%2Cm%3A0+t%3A5%2Cm%3A1%2Bs%3A3%2Cm%3A0%2Bt%3A5%2Cm%3A2&fields=f3%2Cf12%2Cf13 (Caused by SSLError(SSLEOFError(8, '[SSL: UNEXPECTED_EOF_WHILE_READING] EOF occurred in violation of protocol (_ssl.c:1000)')))
2025-08-27 00:51:33,546 - ERROR - 无法获取 sh000001 历史数据
2025-08-27 00:51:33,547 - INFO - 获取 sz399001 历史数据: 20250726 至 20250825
2025-08-27 00:51:33,547 - WARNING - 方法失败: stock_zh_index_daily() got an unexpected keyword argument 'start_date'
2025-08-27 00:51:40,974 - WARNING - 方法失败: HTTPSConnectionPool(host='80.push2.eastmoney.com', port=443): Max retries exceeded with url: /api/qt/clist/get?pn=1&pz=100&po=1&np=1&ut=bd1d9ddb04089700cf9c27f6f7426281&fltt=2&invt=2&fid=f3&fs=b%3AMK0010%2Cm%3A1%2Bt%3A1%2Cm%3A0+t%3A5%2Cm%3A1%2Bs%3A3%2Cm%3A0%2Bt%3A5%2Cm%3A2&fields=f3%2Cf12%2Cf13 (Caused by SSLError(SSLEOFError(8, '[SSL: UNEXPECTED_EOF_WHILE_READING] EOF occurred in violation of protocol (_ssl.c:1000)')))
2025-08-27 00:51:40,974 - ERROR - 无法获取 sz399001 历史数据
2025-08-27 00:51:40,975 - INFO - 获取 sz399006 历史数据: 20250726 至 20250825
2025-08-27 00:51:40,975 - WARNING - 方法失败: stock_zh_index_daily() got an unexpected keyword argument 'start_date'
2025-08-27 00:51:48,396 - WARNING - 方法失败: HTTPSConnectionPool(host='80.push2.eastmoney.com', port=443): Max retries exceeded with url: /api/qt/clist/get?pn=1&pz=100&po=1&np=1&ut=bd1d9ddb04089700cf9c27f6f7426281&fltt=2&invt=2&fid=f3&fs=b%3AMK0010%2Cm%3A1%2Bt%3A1%2Cm%3A0+t%3A5%2Cm%3A1%2Bs%3A3%2Cm%3A0%2Bt%3A5%2Cm%3A2&fields=f3%2Cf12%2Cf13 (Caused by SSLError(SSLEOFError(8, '[SSL: UNEXPECTED_EOF_WHILE_READING] EOF occurred in violation of protocol (_ssl.c:1000)')))
2025-08-27 00:51:48,396 - ERROR - 无法获取 sz399006 历史数据
2025-08-27 00:51:48,396 - INFO - 获取 20250825 涨跌停数据...
2025-08-27 00:51:55,907 - WARNING - 涨跌停数据获取失败: HTTPSConnectionPool(host='push2ex.eastmoney.com', port=443): Max retries exceeded with url: /getTopicZTPool?ut=7eea3edcaed734bea9cbfc24409ed989&dpt=wz.ztzt&Pageindex=0&pagesize=10000&sort=fbt%3Aasc&date=20250825 (Caused by SSLError(SSLEOFError(8, '[SSL: UNEXPECTED_EOF_WHILE_READING] EOF occurred in violation of protocol (_ssl.c:1000)')))
2025-08-27 00:51:55,913 - ERROR - 有效数据源不足: 0
2025-08-27 00:51:55,913 - ERROR - 无法获取 20250825 市场数据
2025-08-27 00:51:56,413 - INFO - 回测进度: 4/5 - 20250826
2025-08-27 00:51:56,414 - INFO - 开始分析 20250826 市场火热程度
2025-08-27 00:51:56,414 - INFO - 获取 20250826 的市场数据...
2025-08-27 00:51:56,415 - INFO - 获取 sh000001 历史数据: 20250727 至 20250826
2025-08-27 00:51:56,416 - WARNING - 方法失败: stock_zh_index_daily() got an unexpected keyword argument 'start_date'
2025-08-27 00:52:03,767 - WARNING - 方法失败: HTTPSConnectionPool(host='80.push2.eastmoney.com', port=443): Max retries exceeded with url: /api/qt/clist/get?pn=1&pz=100&po=1&np=1&ut=bd1d9ddb04089700cf9c27f6f7426281&fltt=2&invt=2&fid=f3&fs=b%3AMK0010%2Cm%3A1%2Bt%3A1%2Cm%3A0+t%3A5%2Cm%3A1%2Bs%3A3%2Cm%3A0%2Bt%3A5%2Cm%3A2&fields=f3%2Cf12%2Cf13 (Caused by SSLError(SSLEOFError(8, '[SSL: UNEXPECTED_EOF_WHILE_READING] EOF occurred in violation of protocol (_ssl.c:1000)')))
2025-08-27 00:52:03,767 - ERROR - 无法获取 sh000001 历史数据
2025-08-27 00:52:03,768 - INFO - 获取 sz399001 历史数据: 20250727 至 20250826
2025-08-27 00:52:03,768 - WARNING - 方法失败: stock_zh_index_daily() got an unexpected keyword argument 'start_date'
2025-08-27 00:52:11,181 - WARNING - 方法失败: HTTPSConnectionPool(host='80.push2.eastmoney.com', port=443): Max retries exceeded with url: /api/qt/clist/get?pn=1&pz=100&po=1&np=1&ut=bd1d9ddb04089700cf9c27f6f7426281&fltt=2&invt=2&fid=f3&fs=b%3AMK0010%2Cm%3A1%2Bt%3A1%2Cm%3A0+t%3A5%2Cm%3A1%2Bs%3A3%2Cm%3A0%2Bt%3A5%2Cm%3A2&fields=f3%2Cf12%2Cf13 (Caused by SSLError(SSLEOFError(8, '[SSL: UNEXPECTED_EOF_WHILE_READING] EOF occurred in violation of protocol (_ssl.c:1000)')))
2025-08-27 00:52:11,182 - ERROR - 无法获取 sz399001 历史数据
2025-08-27 00:52:11,182 - INFO - 获取 sz399006 历史数据: 20250727 至 20250826
2025-08-27 00:52:11,182 - WARNING - 方法失败: stock_zh_index_daily() got an unexpected keyword argument 'start_date'
2025-08-27 00:52:18,599 - WARNING - 方法失败: HTTPSConnectionPool(host='80.push2.eastmoney.com', port=443): Max retries exceeded with url: /api/qt/clist/get?pn=1&pz=100&po=1&np=1&ut=bd1d9ddb04089700cf9c27f6f7426281&fltt=2&invt=2&fid=f3&fs=b%3AMK0010%2Cm%3A1%2Bt%3A1%2Cm%3A0+t%3A5%2Cm%3A1%2Bs%3A3%2Cm%3A0%2Bt%3A5%2Cm%3A2&fields=f3%2Cf12%2Cf13 (Caused by SSLError(SSLEOFError(8, '[SSL: UNEXPECTED_EOF_WHILE_READING] EOF occurred in violation of protocol (_ssl.c:1000)')))
2025-08-27 00:52:18,600 - ERROR - 无法获取 sz399006 历史数据
2025-08-27 00:52:18,600 - INFO - 获取 20250826 涨跌停数据...
2025-08-27 00:52:26,041 - WARNING - 涨跌停数据获取失败: HTTPSConnectionPool(host='push2ex.eastmoney.com', port=443): Max retries exceeded with url: /getTopicZTPool?ut=7eea3edcaed734bea9cbfc24409ed989&dpt=wz.ztzt&Pageindex=0&pagesize=10000&sort=fbt%3Aasc&date=20250826 (Caused by SSLError(SSLEOFError(8, '[SSL: UNEXPECTED_EOF_WHILE_READING] EOF occurred in violation of protocol (_ssl.c:1000)')))
2025-08-27 00:52:26,046 - ERROR - 有效数据源不足: 0
2025-08-27 00:52:26,046 - ERROR - 无法获取 20250826 市场数据
2025-08-27 00:52:26,552 - INFO - 回测进度: 5/5 - 20250827
2025-08-27 00:52:26,552 - INFO - 开始分析 20250827 市场火热程度
2025-08-27 00:52:26,552 - INFO - 获取 20250827 的市场数据...
2025-08-27 00:52:26,553 - INFO - 获取 sh000001 历史数据: 20250728 至 20250827
2025-08-27 00:52:26,553 - WARNING - 方法失败: stock_zh_index_daily() got an unexpected keyword argument 'start_date'
2025-08-27 00:52:33,963 - WARNING - 方法失败: HTTPSConnectionPool(host='80.push2.eastmoney.com', port=443): Max retries exceeded with url: /api/qt/clist/get?pn=1&pz=100&po=1&np=1&ut=bd1d9ddb04089700cf9c27f6f7426281&fltt=2&invt=2&fid=f3&fs=b%3AMK0010%2Cm%3A1%2Bt%3A1%2Cm%3A0+t%3A5%2Cm%3A1%2Bs%3A3%2Cm%3A0%2Bt%3A5%2Cm%3A2&fields=f3%2Cf12%2Cf13 (Caused by SSLError(SSLEOFError(8, '[SSL: UNEXPECTED_EOF_WHILE_READING] EOF occurred in violation of protocol (_ssl.c:1000)')))
2025-08-27 00:52:33,964 - ERROR - 无法获取 sh000001 历史数据
2025-08-27 00:52:33,964 - INFO - 获取 sz399001 历史数据: 20250728 至 20250827
2025-08-27 00:52:33,964 - WARNING - 方法失败: stock_zh_index_daily() got an unexpected keyword argument 'start_date'
2025-08-27 00:52:41,414 - WARNING - 方法失败: HTTPSConnectionPool(host='80.push2.eastmoney.com', port=443): Max retries exceeded with url: /api/qt/clist/get?pn=1&pz=100&po=1&np=1&ut=bd1d9ddb04089700cf9c27f6f7426281&fltt=2&invt=2&fid=f3&fs=b%3AMK0010%2Cm%3A1%2Bt%3A1%2Cm%3A0+t%3A5%2Cm%3A1%2Bs%3A3%2Cm%3A0%2Bt%3A5%2Cm%3A2&fields=f3%2Cf12%2Cf13 (Caused by SSLError(SSLEOFError(8, '[SSL: UNEXPECTED_EOF_WHILE_READING] EOF occurred in violation of protocol (_ssl.c:1000)')))
2025-08-27 00:52:41,416 - ERROR - 无法获取 sz399001 历史数据
2025-08-27 00:52:41,416 - INFO - 获取 sz399006 历史数据: 20250728 至 20250827
2025-08-27 00:52:41,416 - WARNING - 方法失败: stock_zh_index_daily() got an unexpected keyword argument 'start_date'
2025-08-27 00:52:48,838 - WARNING - 方法失败: HTTPSConnectionPool(host='80.push2.eastmoney.com', port=443): Max retries exceeded with url: /api/qt/clist/get?pn=1&pz=100&po=1&np=1&ut=bd1d9ddb04089700cf9c27f6f7426281&fltt=2&invt=2&fid=f3&fs=b%3AMK0010%2Cm%3A1%2Bt%3A1%2Cm%3A0+t%3A5%2Cm%3A1%2Bs%3A3%2Cm%3A0%2Bt%3A5%2Cm%3A2&fields=f3%2Cf12%2Cf13 (Caused by SSLError(SSLEOFError(8, '[SSL: UNEXPECTED_EOF_WHILE_READING] EOF occurred in violation of protocol (_ssl.c:1000)')))
2025-08-27 00:52:48,839 - ERROR - 无法获取 sz399006 历史数据
2025-08-27 00:52:48,839 - INFO - 获取 20250827 涨跌停数据...
2025-08-27 00:52:56,256 - WARNING - 涨跌停数据获取失败: HTTPSConnectionPool(host='push2ex.eastmoney.com', port=443): Max retries exceeded with url: /getTopicZTPool?ut=7eea3edcaed734bea9cbfc24409ed989&dpt=wz.ztzt&Pageindex=0&pagesize=10000&sort=fbt%3Aasc&date=20250827 (Caused by SSLError(SSLEOFError(8, '[SSL: UNEXPECTED_EOF_WHILE_READING] EOF occurred in violation of protocol (_ssl.c:1000)')))
2025-08-27 00:52:56,260 - ERROR - 有效数据源不足: 0
2025-08-27 00:52:56,260 - ERROR - 无法获取 20250827 市场数据
2025-08-27 00:52:56,766 - ERROR - 回测失败，没有获取到有效数据
2025-08-27 00:53:40,990 - INFO - A股市场火热程度分析器初始化完成
2025-08-27 00:53:45,505 - INFO - 开始分析 今日 市场火热程度
2025-08-27 00:53:45,505 - INFO - 获取实时市场数据...
2025-08-27 00:53:45,505 - INFO - 获取 20250827 的市场数据...
2025-08-27 00:53:45,506 - INFO - 获取 20250827 涨跌停数据...
2025-08-27 00:53:52,813 - WARNING - 涨跌停数据获取失败: HTTPSConnectionPool(host='push2ex.eastmoney.com', port=443): Max retries exceeded with url: /getTopicZTPool?ut=7eea3edcaed734bea9cbfc24409ed989&dpt=wz.ztzt&Pageindex=0&pagesize=10000&sort=fbt%3Aasc&date=20250827 (Caused by SSLError(SSLEOFError(8, '[SSL: UNEXPECTED_EOF_WHILE_READING] EOF occurred in violation of protocol (_ssl.c:1000)')))
2025-08-27 00:53:53,693 - WARNING - 获取 sz_index 失败: 'date'
2025-08-27 00:53:54,078 - WARNING - 获取 sz_component 失败: 'date'
2025-08-27 00:53:54,716 - WARNING - 获取 cyb_index 失败: 'date'
2025-08-27 00:53:54,719 - ERROR - 无有效数据源
2025-08-27 00:53:54,719 - ERROR - 无法获取 今日 市场数据
2025-08-27 00:53:59,184 - INFO - A股市场火热程度分析器初始化完成
2025-08-27 00:54:02,734 - INFO - 开始回测近 3 天的市场数据
2025-08-27 00:54:02,734 - INFO - 准备分析 3 个交易日
2025-08-27 00:54:02,734 - INFO - 回测进度: 1/3 - 20250825
2025-08-27 00:54:10,221 - WARNING - 涨跌停数据获取失败，使用模拟数据: HTTPSConnectionPool(host='push2ex.eastmoney.com', port=443): Max retries exceeded with url: /getTopicZTPool?ut=7eea3edcaed734bea9cbfc24409ed989&dpt=wz.ztzt&Pageindex=0&pagesize=10000&sort=fbt%3Aasc&date=20250825 (Caused by SSLError(SSLEOFError(8, '[SSL: UNEXPECTED_EOF_WHILE_READING] EOF occurred in violation of protocol (_ssl.c:1000)')))
2025-08-27 00:54:10,229 - INFO - 成交量比率计算完成: 3.00
2025-08-27 00:54:10,230 - INFO - 价格动量计算完成: 0.0000
2025-08-27 00:54:10,230 - INFO - 市场广度计算完成: 0.3846 (涨停18/跌停8)
2025-08-27 00:54:10,230 - INFO - 市场波动率计算完成: 0.0200
2025-08-27 00:54:10,230 - INFO - 情绪指标计算完成: 0.2000
2025-08-27 00:54:10,230 - INFO - 综合火热程度评分计算完成: 0.550
2025-08-27 00:54:10,230 - INFO - 20250825 分析成功，火热程度: 0.550
2025-08-27 00:54:11,236 - INFO - 回测进度: 2/3 - 20250826
2025-08-27 00:54:18,684 - WARNING - 涨跌停数据获取失败，使用模拟数据: HTTPSConnectionPool(host='push2ex.eastmoney.com', port=443): Max retries exceeded with url: /getTopicZTPool?ut=7eea3edcaed734bea9cbfc24409ed989&dpt=wz.ztzt&Pageindex=0&pagesize=10000&sort=fbt%3Aasc&date=20250826 (Caused by SSLError(SSLEOFError(8, '[SSL: UNEXPECTED_EOF_WHILE_READING] EOF occurred in violation of protocol (_ssl.c:1000)')))
2025-08-27 00:54:18,687 - INFO - 成交量比率计算完成: 3.00
2025-08-27 00:54:18,688 - INFO - 价格动量计算完成: 0.0000
2025-08-27 00:54:18,688 - INFO - 市场广度计算完成: 0.0370 (涨停14/跌停13)
2025-08-27 00:54:18,688 - INFO - 市场波动率计算完成: 0.0200
2025-08-27 00:54:18,688 - INFO - 情绪指标计算完成: 0.0200
2025-08-27 00:54:18,688 - INFO - 综合火热程度评分计算完成: 0.340
2025-08-27 00:54:18,688 - INFO - 20250826 分析成功，火热程度: 0.340
2025-08-27 00:54:19,690 - INFO - 回测进度: 3/3 - 20250827
2025-08-27 00:54:27,120 - WARNING - 涨跌停数据获取失败，使用模拟数据: HTTPSConnectionPool(host='push2ex.eastmoney.com', port=443): Max retries exceeded with url: /getTopicZTPool?ut=7eea3edcaed734bea9cbfc24409ed989&dpt=wz.ztzt&Pageindex=0&pagesize=10000&sort=fbt%3Aasc&date=20250827 (Caused by SSLError(SSLEOFError(8, '[SSL: UNEXPECTED_EOF_WHILE_READING] EOF occurred in violation of protocol (_ssl.c:1000)')))
2025-08-27 00:54:27,125 - INFO - 成交量比率计算完成: 3.00
2025-08-27 00:54:27,125 - INFO - 价格动量计算完成: 0.0000
2025-08-27 00:54:27,125 - INFO - 市场广度计算完成: 0.4444 (涨停13/跌停5)
2025-08-27 00:54:27,125 - INFO - 市场波动率计算完成: 0.0200
2025-08-27 00:54:27,125 - INFO - 情绪指标计算完成: 0.1600
2025-08-27 00:54:27,125 - INFO - 综合火热程度评分计算完成: 0.546
2025-08-27 00:54:27,125 - INFO - 20250827 分析成功，火热程度: 0.546
2025-08-27 00:54:27,128 - INFO - 回测完成，成功分析 3/3 个交易日
2025-09-07 00:26:43,214 - INFO - A股市场火热程度分析器初始化完成
2025-09-07 00:26:47,954 - INFO - 开始分析 今日 市场火热程度
2025-09-07 00:26:47,954 - INFO - 获取实时市场数据...
2025-09-07 00:26:47,954 - INFO - 获取 20250907 的市场数据...
2025-09-07 00:26:47,955 - INFO - 获取 20250907 涨跌停数据...
2025-09-07 00:26:48,501 - WARNING - 涨跌停数据获取失败: module 'akshare' has no attribute 'stock_dt_pool_em'
2025-09-07 00:26:48,947 - WARNING - 获取 sz_index 失败: 'date'
2025-09-07 00:26:49,284 - WARNING - 获取 sz_component 失败: 'date'
2025-09-07 00:26:49,742 - WARNING - 获取 cyb_index 失败: 'date'
2025-09-07 00:26:49,743 - ERROR - 无有效数据源
2025-09-07 00:26:49,743 - ERROR - 无法获取 今日 市场数据
2025-09-28 23:54:50,338 - INFO - A股市场火热程度分析器初始化完成
2025-09-28 23:54:50,339 - INFO - ==================================================
2025-09-28 23:54:50,339 - INFO - 开始执行A股市场火热程度分析
2025-09-28 23:54:50,339 - INFO - 开始获取市场数据...
2025-09-28 23:54:54,878 - ERROR - 获取市场数据失败: ('Connection aborted.', RemoteDisconnected('Remote end closed connection without response'))
2025-09-28 23:54:54,878 - ERROR - 无法获取市场数据，分析终止
2025-09-29 00:35:00,837 - INFO - A股市场火热程度分析器初始化完成
2025-09-29 00:35:00,838 - INFO - ==================================================
2025-09-29 00:35:00,838 - INFO - 开始执行A股市场火热程度分析
2025-09-29 00:35:00,838 - INFO - 开始获取市场数据...
2025-09-29 00:35:01,129 - ERROR - 获取市场数据失败: ('Connection aborted.', RemoteDisconnected('Remote end closed connection without response'))
2025-09-29 00:35:01,129 - ERROR - 无法获取市场数据，分析终止
2025-09-29 00:47:28,759 - INFO - A股市场火热程度分析器初始化完成 (多数据源模式)
2025-09-29 00:47:28,760 - INFO - ==================================================
2025-09-29 00:47:28,760 - INFO - 开始执行A股市场火热程度分析
2025-09-29 00:47:28,760 - INFO - 开始获取市场数据 (多数据源模式)...
2025-09-29 00:47:28,760 - INFO - 尝试使用 tencent 获取数据...
2025-09-29 00:47:28,761 - INFO - 获取腾讯数据: http://qt.gtimg.cn/q=sh000001,sz399001,sz399006
2025-09-29 00:47:28,846 - INFO - 解析 sh000001 成功: 价格=3828.11
2025-09-29 00:47:28,846 - INFO - 解析 sz399001 成功: 价格=13209.0
2025-09-29 00:47:28,847 - INFO - 解析 sz399006 成功: 价格=3151.53
2025-09-29 00:47:28,848 - INFO - 数据源 tencent 获取成功
2025-09-29 00:47:29,029 - WARNING - 获取市场概况失败: ('Connection aborted.', RemoteDisconnected('Remote end closed connection without response'))
2025-09-29 00:47:29,030 - INFO - 市场数据获取成功 (多数据源)，时间戳: 2025-09-29 00:47:28.848505
2025-09-29 00:47:29,032 - WARNING - 成交量比率：数据不足，返回1.0
2025-09-29 00:47:29,032 - INFO - 价格动量计算完成: -0.0157
2025-09-29 00:47:29,032 - WARNING - 市场广度计算失败: '涨跌幅'
2025-09-29 00:47:29,032 - WARNING - 波动率计算失败: '涨跌幅'
2025-09-29 00:47:29,033 - WARNING - 情绪指标计算失败: '涨跌幅'
2025-09-29 00:47:29,033 - INFO - 综合火热程度评分计算完成: 0.154
2025-09-29 00:47:29,033 - INFO - 分析完成 - 火热程度: 0.154, 风险等级: 极低风险
2025-09-29 00:47:29,033 - INFO - 仓位建议: 可考虑满仓操作，但需关注基本面
2025-09-29 00:47:29,033 - INFO - ==================================================
2025-09-29 01:03:45,851 - INFO - A股市场火热程度分析器初始化完成 (多数据源模式)
2025-09-29 01:03:45,852 - INFO - ==================================================
2025-09-29 01:03:45,852 - INFO - 开始执行A股市场火热程度分析
2025-09-29 01:03:45,852 - INFO - 开始获取市场数据 (多数据源模式)...
2025-09-29 01:03:45,852 - INFO - 尝试使用 akshare_optimized 获取数据...
2025-09-29 01:03:45,852 - INFO - 开始获取 akshare 市场数据 (优化版)...
2025-09-29 01:03:45,852 - INFO - 获取新浪A股市场数据...
2025-09-29 01:04:37,060 - INFO - 新浪数据获取成功: 5434 只股票
2025-09-29 01:04:37,061 - WARNING - 未找到指数 sz_index (000001)
2025-09-29 01:04:37,061 - WARNING - 未找到指数 sz_component (399001)
2025-09-29 01:04:37,062 - WARNING - 未找到指数 cyb_index (399006)
2025-09-29 01:04:37,062 - INFO - 获取涨停股池数据...
2025-09-29 01:04:37,254 - INFO - 涨停股池: 47 只
2025-09-29 01:04:37,255 - INFO - 使用缓存的市场数据
2025-09-29 01:04:37,255 - INFO - 跌停股票: 33 只
2025-09-29 01:04:37,255 - INFO - akshare 数据获取成功 (优化版)
2025-09-29 01:04:37,256 - INFO - 数据源 akshare_optimized 获取成功
2025-09-29 01:04:37,451 - WARNING - 获取市场概况失败: ('Connection aborted.', RemoteDisconnected('Remote end closed connection without response'))
2025-09-29 01:04:37,452 - INFO - 市场数据获取成功 (多数据源)，时间戳: 2025-09-29 01:04:37.256392
2025-09-29 01:04:37,453 - WARNING - 成交量比率：数据不足，返回1.0
2025-09-29 01:04:37,453 - INFO - 价格动量计算完成: 0.0000
2025-09-29 01:04:37,453 - WARNING - 市场广度计算失败: '涨跌幅'
2025-09-29 01:04:37,453 - WARNING - 波动率计算失败: '涨跌幅'
2025-09-29 01:04:37,453 - WARNING - 情绪指标计算失败: '涨跌幅'
2025-09-29 01:04:37,454 - INFO - 综合火热程度评分计算完成: 0.185
2025-09-29 01:04:37,454 - INFO - 分析完成 - 火热程度: 0.185, 风险等级: 极低风险
2025-09-29 01:04:37,454 - INFO - 仓位建议: 可考虑满仓操作，但需关注基本面
2025-09-29 01:04:37,454 - INFO - ==================================================
2025-09-29 01:08:41,502 - INFO - A股市场火热程度分析器初始化完成 (多数据源模式)
2025-09-29 01:08:41,503 - INFO - ==================================================
2025-09-29 01:08:41,503 - INFO - 开始执行A股市场火热程度分析
2025-09-29 01:08:41,503 - INFO - 开始获取市场数据 (多数据源模式)...
2025-09-29 01:08:41,504 - INFO - 尝试使用 akshare_optimized 获取数据...
2025-09-29 01:08:41,505 - INFO - 开始获取 akshare 市场数据 (优化版)...
2025-09-29 01:08:41,505 - INFO - 获取新浪A股市场数据...
2025-09-29 01:09:50,208 - INFO - 新浪数据获取成功: 5434 只股票
2025-09-29 01:09:50,209 - WARNING - 未找到指数 sz_index (000001)
2025-09-29 01:09:50,210 - WARNING - 未找到指数 sz_component (399001)
2025-09-29 01:09:50,210 - WARNING - 未找到指数 cyb_index (399006)
2025-09-29 01:09:50,211 - INFO - 获取涨停股池数据...
2025-09-29 01:09:50,393 - INFO - 涨停股池: 47 只
2025-09-29 01:09:50,393 - INFO - 使用缓存的市场数据
2025-09-29 01:09:50,394 - INFO - 跌停股票: 33 只
2025-09-29 01:09:50,394 - INFO - akshare 数据获取成功 (优化版)
2025-09-29 01:09:50,394 - INFO - 数据源 akshare_optimized 获取成功
2025-09-29 01:09:50,586 - WARNING - 获取市场概况失败: ('Connection aborted.', RemoteDisconnected('Remote end closed connection without response'))
2025-09-29 01:09:50,587 - INFO - 市场数据获取成功 (多数据源)，时间戳: 2025-09-29 01:09:50.395064
2025-09-29 01:09:50,587 - WARNING - 成交量比率：数据不足，返回1.0
2025-09-29 01:09:50,587 - INFO - 价格动量计算完成: 0.0000
2025-09-29 01:09:50,587 - WARNING - 市场广度计算失败: '涨跌幅'
2025-09-29 01:09:50,587 - WARNING - 波动率计算失败: '涨跌幅'
2025-09-29 01:09:50,587 - WARNING - 情绪指标计算失败: '涨跌幅'
2025-09-29 01:09:50,587 - INFO - 综合火热程度评分计算完成: 0.185
2025-09-29 01:09:50,587 - INFO - 分析完成 - 火热程度: 0.185, 风险等级: 极低风险
2025-09-29 01:09:50,587 - INFO - 仓位建议: 可考虑满仓操作，但需关注基本面
2025-09-29 01:09:50,587 - INFO - ==================================================
